[21:16:09] {"id":1,"name":"gyroscope", "data":{"x":2.1,"y":5.4, "z":6.0}, "state":"connected"}
[21:20:35] {"id":1,"name":"gyroscope", "data":{"x":2.1,"y":5.4, "z":6.0}, "state":"connected"}
[21:20:36] {"id":1,"name":"gyroscope", "data":{"x":2.1,"y":5.4, "z":6.0}, "state":"connected"}
[21:21:04] {"id":1,"name":"gyroscope", "data":{"x":2.1,"y":5.4, "z":6.0}, "state":"connected"}
[21:23:57] {"id":1,"name":"gyroscope", "data":{"x":2.1,"y":5.4, "z":6.0}, "state":"connected"}
[21:24:13] {"id":1,"name":"gyroscope", "data":{"x":2.1,"y":5.4, "z":6.0}, "state":"connected"}
[21:24:57] {"id":1,"name":"gyroscope", "data":{"x":2.1,"y":5.4, "z":6.0}, "state":"connected"}
[21:29:17] {"id":1,"name":"gyroscope", "data":{"x":2.1,"y":5.4, "z":6.0}, "state":"connected"}
[21:29:24] {"id":1,"name":"gps", "data":{"x":2.1,"y":5.4, "z":6.0}, "state":"connected"}
[21:29:46] {"id":1,"name":"gyroscope", "data":{"x":2.1,"y":5.4, "z":6.0}, "state":"connecffffted"}
[21:31:27] {"id":1,"name":"gyroscope", "data":{"x":2.1,"y":5.4, "z":6.0}, "state":"connected"}
[21:31:51] {"id":1,"name":"gps", "data":{"x":2.1,"y":5.4, "z":6.0}, "state":"connected"}
[21:32:08] {"id":1,"name":"gyroscope", "data":{"x":2.1,"y":5.4, "z":6.0}, "state":"disconnected"}
[21:33:59] {"id":1,"name":"gyroscope", "data":{"x":2.1,"y":5.4, "z":6.0}, "state":"connected"}
[21:34:14] {"id":1,"name":"gyroscope", "data":{"x":2.1,"y":5.4, "z":6.0}, "state":"connected"}
[21:34:44] {"id":1,"name":"gyroscope", "data":{"x":2.1,"y":5.4, "z":6.0}, "state":"connected1"}
[21:44:10] {"id":1,"name":"gyroscope", "data":{"x":2.1,"y":5.4, "z":6.0}, "state":"connected"}
[21:44:11] {"id":1,"name":"gyroscope", "data":{"x":2.1,"y":5.4, "z":6.0}, "state":"connected"}
[21:44:13] {"id":1,"name":"gyroscope", "data":{"x":2.1,"y":5.4, "z":6.0}, "state":"connected"}
[21:49:38] {"id":1,"name":"gyroscope", "data":{"x":2.1,"y":5.4, "z":6.0}, "state":"connected"}
[22:07:01] {"id":1,"name":"gyroscope", "data":{"x":2.1,"y":5.4, "z":6.0}, "state":"connected"}
[22:07:05] {"id":1,"name":"gyroscope", "data":{"x":2.1,"y":5.4, "z":6.0}, "state":"connected"}
[22:12:13] {"id":1,"name":"gyroscope", "data":{"x":2.1,"y":5.4, "z":6.0}, "state":"connected"}
[22:12:33] {"id":1,"name":"gyroscope", "data":{"x":2.1,"y":5.4, "z":6.0}, "state":"connected"}
[22:12:38] {"id":1,"name":"gyroscope", "data":{"x":2.1,"y":5.4, "z":6.0}, "state":"connected"}
[22:12:53] {"id":1,"name":"gps", "data":{"x":2.1,"y":5.4, "z":6.0}, "state":"connected"}
[22:15:45] {"id":1,"name":"gyroscope", "data":{"x":2.1,"y":5.4, "z":6.0}, "state":"connected"}
[22:19:43] {"id":1,"name":"gps", "data":{"x":2.1,"y":5.4, "z":6.0}, "state":"disconnected"}
[18:13:28] {"id":1,"name":"gyroscope", "data":{"x":2.1,"y":5.4, "z":6.0}, "state":"connected"}
[18:17:59] {"id":2,"name":"gyroscope", "data":{"x":2.1,"y":5.4, "z":6.0}, "state":"connected"}
[18:19:27] {"id":1,"name":"gyroscope", "data":{"x":2.1,"y":5.4, "z":6.0}, "state":"connected"}
[18:20:22] {"id":4,"name":"gyroscope", "data":{"x":2.1,"y":5.4, "z":6.0}, "state":"connected"}
[18:45:20] {"id":1,"name":"gyroscope", "data":{"x":2.1,"y":5.4, "z":6.0}, "state":"connected"}
[17:19:46] {"id":1,"name":"gyroscope", "data":{"x":2.1,"y":5.4, "z":6.0}, "state":"connected"}
[17:19:52] {"id":1,"name":"gyroscope", "data":{"x":2.1,"y":5.4, "z":6.0}, "state":"connected"}
[17:22:03] {"id":1,"name":"gyroscope", "data":{"x":2.1,"y":5.4, "z":6.0}, "state":"disconnected"}
[15:44:36] {"id":1,"name":"gyroscope", "data":{"x":2.1,"y":5.4, "z":6.0}, "state":"connected"}
